<?xml version="1.0" encoding="UTF-8"?>
<!-- Generated by org.testng.reporters.JUnitReportReporter -->
<testsuite hostname="ILD-PUN-LAP-337" failures="0" tests="5" name="MyTestRunner.MyRun" time="163.155" errors="0" timestamp="2022-09-18T17:19:20 IST" skipped="0">
  <testcase classname="MyTestRunner.MyRun" name="runScenario" time="29.642"/>
  <system-out/>
  <testcase classname="MyTestRunner.MyRun" name="runScenario" time="17.398"/>
  <system-out/>
  <testcase classname="MyTestRunner.MyRun" name="runScenario" time="78.093"/>
  <system-out/>
  <testcase classname="MyTestRunner.MyRun" name="runScenario" time="20.639"/>
  <system-out/>
  <testcase classname="MyTestRunner.MyRun" name="runScenario" time="17.383"/>
  <system-out/>
</testsuite> <!-- MyTestRunner.MyRun -->
