<?xml version="1.0" encoding="UTF-8"?>
<!-- Generated by org.testng.reporters.JUnitReportReporter -->
<testsuite hostname="ILD-PUN-LAP-337" failures="0" tests="5" name="MyTestRunner.MyRun" time="102.502" errors="0" timestamp="2022-09-26T13:58:00 IST" skipped="0">
  <testcase classname="MyTestRunner.MyRun" name="runScenario" time="21.128"/>
  <system-out/>
  <testcase classname="MyTestRunner.MyRun" name="runScenario" time="16.024"/>
  <system-out/>
  <testcase classname="MyTestRunner.MyRun" name="runScenario" time="23.036"/>
  <system-out/>
  <testcase classname="MyTestRunner.MyRun" name="runScenario" time="19.159"/>
  <system-out/>
  <testcase classname="MyTestRunner.MyRun" name="runScenario" time="23.155"/>
  <system-out/>
</testsuite> <!-- MyTestRunner.MyRun -->
