<?xml version="1.0" encoding="UTF-8"?>
<!-- Generated by org.testng.reporters.JUnitReportReporter -->
<testsuite hostname="ILD-PUN-LAP-337" failures="0" tests="5" name="MyTestRunner.MyRun" time="119.040" errors="0" timestamp="2022-09-22T19:11:17 IST" skipped="0">
  <testcase classname="MyTestRunner.MyRun" name="runScenario" time="32.719"/>
  <system-out/>
  <testcase classname="MyTestRunner.MyRun" name="runScenario" time="30.639"/>
  <system-out/>
  <testcase classname="MyTestRunner.MyRun" name="runScenario" time="20.027"/>
  <system-out/>
  <testcase classname="MyTestRunner.MyRun" name="runScenario" time="18.346"/>
  <system-out/>
  <testcase classname="MyTestRunner.MyRun" name="runScenario" time="17.309"/>
  <system-out/>
</testsuite> <!-- MyTestRunner.MyRun -->
