<?xml version="1.0" encoding="UTF-8"?>
<!-- Generated by org.testng.reporters.JUnitReportReporter -->
<testsuite hostname="ILD-PUN-LAP-337" failures="0" tests="5" name="MyTestRunner.MyRun" time="98.831" errors="0" timestamp="2022-09-22T19:57:17 IST" skipped="0">
  <testcase classname="MyTestRunner.MyRun" name="runScenario" time="23.054"/>
  <system-out/>
  <testcase classname="MyTestRunner.MyRun" name="runScenario" time="16.384"/>
  <system-out/>
  <testcase classname="MyTestRunner.MyRun" name="runScenario" time="20.599"/>
  <system-out/>
  <testcase classname="MyTestRunner.MyRun" name="runScenario" time="17.744"/>
  <system-out/>
  <testcase classname="MyTestRunner.MyRun" name="runScenario" time="21.050"/>
  <system-out/>
</testsuite> <!-- MyTestRunner.MyRun -->
